2024-07-11 10:32:32,831 Performance - ---------------------------------------------------
CPU Usage: 0.00%, Physical Memory Usage: 65,290,240.00, Total Thread Count: 24
AvailableWorkingThreads: 32766, AvailableCompletionPortThreads: 1000
MaxWorkingThreads: 32767, MaxCompletionPortThreads: 1000
LockStepDemo ----------------------------------
Started Time: 2024/7/11 10:32:32
Is Running: True
Total Connections: 0
Maximum Allowed Connection Number: 100
Total Handled Requests: 0
Request Handling Speed (#/second): 0
Avialable Sending Queue Items: 256
Total Sending Queue Items: 256

2024-07-11 10:33:32,810 Performance - ---------------------------------------------------
CPU Usage: 0.03%, Physical Memory Usage: 67,063,808.00, Total Thread Count: 23
AvailableWorkingThreads: 32766, AvailableCompletionPortThreads: 1000
MaxWorkingThreads: 32767, MaxCompletionPortThreads: 1000
LockStepDemo ----------------------------------
Started Time: 2024/7/11 10:32:32
Is Running: True
Total Connections: 0
Maximum Allowed Connection Number: 100
Total Handled Requests: 0
Request Handling Speed (#/second): 0
Avialable Sending Queue Items: 256
Total Sending Queue Items: 256

2024-07-11 10:34:32,819 Performance - ---------------------------------------------------
CPU Usage: 0.03%, Physical Memory Usage: 68,587,520.00, Total Thread Count: 20
AvailableWorkingThreads: 32766, AvailableCompletionPortThreads: 1000
MaxWorkingThreads: 32767, MaxCompletionPortThreads: 1000
LockStepDemo ----------------------------------
Started Time: 2024/7/11 10:32:32
Is Running: True
Total Connections: 0
Maximum Allowed Connection Number: 100
Total Handled Requests: 0
Request Handling Speed (#/second): 0
Avialable Sending Queue Items: 256
Total Sending Queue Items: 256

2024-07-11 10:35:32,813 Performance - ---------------------------------------------------
CPU Usage: 0.02%, Physical Memory Usage: 69,165,056.00, Total Thread Count: 18
AvailableWorkingThreads: 32766, AvailableCompletionPortThreads: 1000
MaxWorkingThreads: 32767, MaxCompletionPortThreads: 1000
LockStepDemo ----------------------------------
Started Time: 2024/7/11 10:32:32
Is Running: True
Total Connections: 0
Maximum Allowed Connection Number: 100
Total Handled Requests: 0
Request Handling Speed (#/second): 0
Avialable Sending Queue Items: 256
Total Sending Queue Items: 256

2024-07-11 10:36:32,835 Performance - ---------------------------------------------------
CPU Usage: 0.04%, Physical Memory Usage: 67,760,128.00, Total Thread Count: 18
AvailableWorkingThreads: 32766, AvailableCompletionPortThreads: 1000
MaxWorkingThreads: 32767, MaxCompletionPortThreads: 1000
LockStepDemo ----------------------------------
Started Time: 2024/7/11 10:32:32
Is Running: True
Total Connections: 0
Maximum Allowed Connection Number: 100
Total Handled Requests: 0
Request Handling Speed (#/second): 0
Avialable Sending Queue Items: 256
Total Sending Queue Items: 256

2024-07-11 10:37:32,817 Performance - ---------------------------------------------------
CPU Usage: 0.03%, Physical Memory Usage: 69,931,008.00, Total Thread Count: 19
AvailableWorkingThreads: 32766, AvailableCompletionPortThreads: 1000
MaxWorkingThreads: 32767, MaxCompletionPortThreads: 1000
LockStepDemo ----------------------------------
Started Time: 2024/7/11 10:32:32
Is Running: True
Total Connections: 0
Maximum Allowed Connection Number: 100
Total Handled Requests: 0
Request Handling Speed (#/second): 0
Avialable Sending Queue Items: 256
Total Sending Queue Items: 256

2024-07-11 10:38:32,851 Performance - ---------------------------------------------------
CPU Usage: 0.05%, Physical Memory Usage: 70,729,728.00, Total Thread Count: 19
AvailableWorkingThreads: 32764, AvailableCompletionPortThreads: 1000
MaxWorkingThreads: 32767, MaxCompletionPortThreads: 1000
LockStepDemo ----------------------------------
Started Time: 2024/7/11 10:32:32
Is Running: True
Total Connections: 1
Maximum Allowed Connection Number: 100
Total Handled Requests: 0
Request Handling Speed (#/second): 0
Avialable Sending Queue Items: 255
Total Sending Queue Items: 256

2024-07-11 10:39:32,853 Performance - ---------------------------------------------------
CPU Usage: 0.03%, Physical Memory Usage: 71,036,928.00, Total Thread Count: 19
AvailableWorkingThreads: 32766, AvailableCompletionPortThreads: 1000
MaxWorkingThreads: 32767, MaxCompletionPortThreads: 1000
LockStepDemo ----------------------------------
Started Time: 2024/7/11 10:32:32
Is Running: True
Total Connections: 1
Maximum Allowed Connection Number: 100
Total Handled Requests: 0
Request Handling Speed (#/second): 0
Avialable Sending Queue Items: 255
Total Sending Queue Items: 256

2024-07-11 10:40:32,851 Performance - ---------------------------------------------------
CPU Usage: 0.02%, Physical Memory Usage: 71,593,984.00, Total Thread Count: 18
AvailableWorkingThreads: 32766, AvailableCompletionPortThreads: 1000
MaxWorkingThreads: 32767, MaxCompletionPortThreads: 1000
LockStepDemo ----------------------------------
Started Time: 2024/7/11 10:32:32
Is Running: True
Total Connections: 0
Maximum Allowed Connection Number: 100
Total Handled Requests: 0
Request Handling Speed (#/second): 0
Avialable Sending Queue Items: 256
Total Sending Queue Items: 256

2024-07-11 10:41:32,850 Performance - ---------------------------------------------------
CPU Usage: 0.02%, Physical Memory Usage: 72,138,752.00, Total Thread Count: 18
AvailableWorkingThreads: 32766, AvailableCompletionPortThreads: 1000
MaxWorkingThreads: 32767, MaxCompletionPortThreads: 1000
LockStepDemo ----------------------------------
Started Time: 2024/7/11 10:32:32
Is Running: True
Total Connections: 0
Maximum Allowed Connection Number: 100
Total Handled Requests: 0
Request Handling Speed (#/second): 0
Avialable Sending Queue Items: 256
Total Sending Queue Items: 256

2024-07-11 10:42:32,888 Performance - ---------------------------------------------------
CPU Usage: 0.02%, Physical Memory Usage: 72,736,768.00, Total Thread Count: 20
AvailableWorkingThreads: 32766, AvailableCompletionPortThreads: 1000
MaxWorkingThreads: 32767, MaxCompletionPortThreads: 1000
LockStepDemo ----------------------------------
Started Time: 2024/7/11 10:32:32
Is Running: True
Total Connections: 1
Maximum Allowed Connection Number: 100
Total Handled Requests: 0
Request Handling Speed (#/second): 0
Avialable Sending Queue Items: 255
Total Sending Queue Items: 256

2024-07-11 10:43:32,956 Performance - ---------------------------------------------------
CPU Usage: 0.03%, Physical Memory Usage: 73,248,768.00, Total Thread Count: 19
AvailableWorkingThreads: 32766, AvailableCompletionPortThreads: 1000
MaxWorkingThreads: 32767, MaxCompletionPortThreads: 1000
LockStepDemo ----------------------------------
Started Time: 2024/7/11 10:32:32
Is Running: True
Total Connections: 1
Maximum Allowed Connection Number: 100
Total Handled Requests: 0
Request Handling Speed (#/second): 0
Avialable Sending Queue Items: 255
Total Sending Queue Items: 256

2024-07-11 10:44:32,945 Performance - ---------------------------------------------------
CPU Usage: 0.05%, Physical Memory Usage: 73,781,248.00, Total Thread Count: 17
AvailableWorkingThreads: 32765, AvailableCompletionPortThreads: 1000
MaxWorkingThreads: 32767, MaxCompletionPortThreads: 1000
LockStepDemo ----------------------------------
Started Time: 2024/7/11 10:32:32
Is Running: True
Total Connections: 1
Maximum Allowed Connection Number: 100
Total Handled Requests: 0
Request Handling Speed (#/second): 0
Avialable Sending Queue Items: 255
Total Sending Queue Items: 256

2024-07-11 10:45:33,024 Performance - ---------------------------------------------------
CPU Usage: 0.05%, Physical Memory Usage: 74,317,824.00, Total Thread Count: 17
AvailableWorkingThreads: 32766, AvailableCompletionPortThreads: 1000
MaxWorkingThreads: 32767, MaxCompletionPortThreads: 1000
LockStepDemo ----------------------------------
Started Time: 2024/7/11 10:32:32
Is Running: True
Total Connections: 1
Maximum Allowed Connection Number: 100
Total Handled Requests: 0
Request Handling Speed (#/second): 0
Avialable Sending Queue Items: 255
Total Sending Queue Items: 256

2024-07-11 10:46:32,967 Performance - ---------------------------------------------------
CPU Usage: 0.05%, Physical Memory Usage: 74,825,728.00, Total Thread Count: 15
AvailableWorkingThreads: 32764, AvailableCompletionPortThreads: 1000
MaxWorkingThreads: 32767, MaxCompletionPortThreads: 1000
LockStepDemo ----------------------------------
Started Time: 2024/7/11 10:32:32
Is Running: True
Total Connections: 1
Maximum Allowed Connection Number: 100
Total Handled Requests: 0
Request Handling Speed (#/second): 0
Avialable Sending Queue Items: 255
Total Sending Queue Items: 256

2024-07-11 10:47:32,967 Performance - ---------------------------------------------------
CPU Usage: 0.05%, Physical Memory Usage: 75,374,592.00, Total Thread Count: 15
AvailableWorkingThreads: 32766, AvailableCompletionPortThreads: 1000
MaxWorkingThreads: 32767, MaxCompletionPortThreads: 1000
LockStepDemo ----------------------------------
Started Time: 2024/7/11 10:32:32
Is Running: True
Total Connections: 1
Maximum Allowed Connection Number: 100
Total Handled Requests: 0
Request Handling Speed (#/second): 0
Avialable Sending Queue Items: 255
Total Sending Queue Items: 256

2024-07-11 10:48:32,947 Performance - ---------------------------------------------------
CPU Usage: 0.02%, Physical Memory Usage: 75,911,168.00, Total Thread Count: 15
AvailableWorkingThreads: 32766, AvailableCompletionPortThreads: 1000
MaxWorkingThreads: 32767, MaxCompletionPortThreads: 1000
LockStepDemo ----------------------------------
Started Time: 2024/7/11 10:32:32
Is Running: True
Total Connections: 1
Maximum Allowed Connection Number: 100
Total Handled Requests: 0
Request Handling Speed (#/second): 0
Avialable Sending Queue Items: 255
Total Sending Queue Items: 256

2024-07-11 10:49:32,970 Performance - ---------------------------------------------------
CPU Usage: 0.03%, Physical Memory Usage: 76,464,128.00, Total Thread Count: 15
AvailableWorkingThreads: 32766, AvailableCompletionPortThreads: 1000
MaxWorkingThreads: 32767, MaxCompletionPortThreads: 1000
LockStepDemo ----------------------------------
Started Time: 2024/7/11 10:32:32
Is Running: True
Total Connections: 1
Maximum Allowed Connection Number: 100
Total Handled Requests: 0
Request Handling Speed (#/second): 0
Avialable Sending Queue Items: 255
Total Sending Queue Items: 256

2024-07-11 10:50:32,972 Performance - ---------------------------------------------------
CPU Usage: 0.03%, Physical Memory Usage: 77,004,800.00, Total Thread Count: 15
AvailableWorkingThreads: 32766, AvailableCompletionPortThreads: 1000
MaxWorkingThreads: 32767, MaxCompletionPortThreads: 1000
LockStepDemo ----------------------------------
Started Time: 2024/7/11 10:32:32
Is Running: True
Total Connections: 1
Maximum Allowed Connection Number: 100
Total Handled Requests: 0
Request Handling Speed (#/second): 0
Avialable Sending Queue Items: 255
Total Sending Queue Items: 256

2024-07-11 10:51:32,979 Performance - ---------------------------------------------------
CPU Usage: 0.03%, Physical Memory Usage: 71,741,440.00, Total Thread Count: 15
AvailableWorkingThreads: 32766, AvailableCompletionPortThreads: 1000
MaxWorkingThreads: 32767, MaxCompletionPortThreads: 1000
LockStepDemo ----------------------------------
Started Time: 2024/7/11 10:32:32
Is Running: True
Total Connections: 1
Maximum Allowed Connection Number: 100
Total Handled Requests: 0
Request Handling Speed (#/second): 0
Avialable Sending Queue Items: 255
Total Sending Queue Items: 256

2024-07-11 10:52:32,980 Performance - ---------------------------------------------------
CPU Usage: 0.02%, Physical Memory Usage: 72,429,568.00, Total Thread Count: 15
AvailableWorkingThreads: 32766, AvailableCompletionPortThreads: 1000
MaxWorkingThreads: 32767, MaxCompletionPortThreads: 1000
LockStepDemo ----------------------------------
Started Time: 2024/7/11 10:32:32
Is Running: True
Total Connections: 1
Maximum Allowed Connection Number: 100
Total Handled Requests: 0
Request Handling Speed (#/second): 0
Avialable Sending Queue Items: 255
Total Sending Queue Items: 256

2024-07-11 10:53:32,993 Performance - ---------------------------------------------------
CPU Usage: 0.02%, Physical Memory Usage: 73,076,736.00, Total Thread Count: 15
AvailableWorkingThreads: 32764, AvailableCompletionPortThreads: 1000
MaxWorkingThreads: 32767, MaxCompletionPortThreads: 1000
LockStepDemo ----------------------------------
Started Time: 2024/7/11 10:32:32
Is Running: True
Total Connections: 1
Maximum Allowed Connection Number: 100
Total Handled Requests: 0
Request Handling Speed (#/second): 0
Avialable Sending Queue Items: 255
Total Sending Queue Items: 256

2024-07-11 10:54:33,023 Performance - ---------------------------------------------------
CPU Usage: 0.04%, Physical Memory Usage: 73,617,408.00, Total Thread Count: 15
AvailableWorkingThreads: 32766, AvailableCompletionPortThreads: 1000
MaxWorkingThreads: 32767, MaxCompletionPortThreads: 1000
LockStepDemo ----------------------------------
Started Time: 2024/7/11 10:32:32
Is Running: True
Total Connections: 1
Maximum Allowed Connection Number: 100
Total Handled Requests: 0
Request Handling Speed (#/second): 0
Avialable Sending Queue Items: 255
Total Sending Queue Items: 256

2024-07-11 10:55:33,008 Performance - ---------------------------------------------------
CPU Usage: 0.02%, Physical Memory Usage: 74,182,656.00, Total Thread Count: 15
AvailableWorkingThreads: 32766, AvailableCompletionPortThreads: 1000
MaxWorkingThreads: 32767, MaxCompletionPortThreads: 1000
LockStepDemo ----------------------------------
Started Time: 2024/7/11 10:32:32
Is Running: True
Total Connections: 1
Maximum Allowed Connection Number: 100
Total Handled Requests: 0
Request Handling Speed (#/second): 0
Avialable Sending Queue Items: 255
Total Sending Queue Items: 256

2024-07-11 10:56:32,999 Performance - ---------------------------------------------------
CPU Usage: 0.04%, Physical Memory Usage: 74,719,232.00, Total Thread Count: 15
AvailableWorkingThreads: 32764, AvailableCompletionPortThreads: 1000
MaxWorkingThreads: 32767, MaxCompletionPortThreads: 1000
LockStepDemo ----------------------------------
Started Time: 2024/7/11 10:32:32
Is Running: True
Total Connections: 1
Maximum Allowed Connection Number: 100
Total Handled Requests: 0
Request Handling Speed (#/second): 0
Avialable Sending Queue Items: 255
Total Sending Queue Items: 256

2024-07-11 10:57:33,015 Performance - ---------------------------------------------------
CPU Usage: 0.03%, Physical Memory Usage: 75,268,096.00, Total Thread Count: 15
AvailableWorkingThreads: 32766, AvailableCompletionPortThreads: 1000
MaxWorkingThreads: 32767, MaxCompletionPortThreads: 1000
LockStepDemo ----------------------------------
Started Time: 2024/7/11 10:32:32
Is Running: True
Total Connections: 1
Maximum Allowed Connection Number: 100
Total Handled Requests: 0
Request Handling Speed (#/second): 0
Avialable Sending Queue Items: 255
Total Sending Queue Items: 256

2024-07-11 10:58:33,003 Performance - ---------------------------------------------------
CPU Usage: 0.02%, Physical Memory Usage: 75,825,152.00, Total Thread Count: 15
AvailableWorkingThreads: 32765, AvailableCompletionPortThreads: 1000
MaxWorkingThreads: 32767, MaxCompletionPortThreads: 1000
LockStepDemo ----------------------------------
Started Time: 2024/7/11 10:32:32
Is Running: True
Total Connections: 1
Maximum Allowed Connection Number: 100
Total Handled Requests: 0
Request Handling Speed (#/second): 0
Avialable Sending Queue Items: 255
Total Sending Queue Items: 256

2024-07-11 10:59:33,011 Performance - ---------------------------------------------------
CPU Usage: 0.03%, Physical Memory Usage: 76,357,632.00, Total Thread Count: 15
AvailableWorkingThreads: 32764, AvailableCompletionPortThreads: 1000
MaxWorkingThreads: 32767, MaxCompletionPortThreads: 1000
LockStepDemo ----------------------------------
Started Time: 2024/7/11 10:32:32
Is Running: True
Total Connections: 1
Maximum Allowed Connection Number: 100
Total Handled Requests: 0
Request Handling Speed (#/second): 0
Avialable Sending Queue Items: 255
Total Sending Queue Items: 256

2024-07-11 11:00:33,042 Performance - ---------------------------------------------------
CPU Usage: 0.03%, Physical Memory Usage: 76,926,976.00, Total Thread Count: 15
AvailableWorkingThreads: 32766, AvailableCompletionPortThreads: 1000
MaxWorkingThreads: 32767, MaxCompletionPortThreads: 1000
LockStepDemo ----------------------------------
Started Time: 2024/7/11 10:32:32
Is Running: True
Total Connections: 1
Maximum Allowed Connection Number: 100
Total Handled Requests: 0
Request Handling Speed (#/second): 0
Avialable Sending Queue Items: 255
Total Sending Queue Items: 256

2024-07-11 11:01:33,038 Performance - ---------------------------------------------------
CPU Usage: 0.03%, Physical Memory Usage: 77,467,648.00, Total Thread Count: 15
AvailableWorkingThreads: 32766, AvailableCompletionPortThreads: 1000
MaxWorkingThreads: 32767, MaxCompletionPortThreads: 1000
LockStepDemo ----------------------------------
Started Time: 2024/7/11 10:32:32
Is Running: True
Total Connections: 1
Maximum Allowed Connection Number: 100
Total Handled Requests: 0
Request Handling Speed (#/second): 0
Avialable Sending Queue Items: 255
Total Sending Queue Items: 256

2024-07-11 11:02:33,063 Performance - ---------------------------------------------------
CPU Usage: 0.03%, Physical Memory Usage: 78,012,416.00, Total Thread Count: 15
AvailableWorkingThreads: 32766, AvailableCompletionPortThreads: 1000
MaxWorkingThreads: 32767, MaxCompletionPortThreads: 1000
LockStepDemo ----------------------------------
Started Time: 2024/7/11 10:32:32
Is Running: True
Total Connections: 1
Maximum Allowed Connection Number: 100
Total Handled Requests: 0
Request Handling Speed (#/second): 0
Avialable Sending Queue Items: 255
Total Sending Queue Items: 256

2024-07-11 11:03:33,063 Performance - ---------------------------------------------------
CPU Usage: 0.04%, Physical Memory Usage: 78,553,088.00, Total Thread Count: 15
AvailableWorkingThreads: 32766, AvailableCompletionPortThreads: 1000
MaxWorkingThreads: 32767, MaxCompletionPortThreads: 1000
LockStepDemo ----------------------------------
Started Time: 2024/7/11 10:32:32
Is Running: True
Total Connections: 1
Maximum Allowed Connection Number: 100
Total Handled Requests: 0
Request Handling Speed (#/second): 0
Avialable Sending Queue Items: 255
Total Sending Queue Items: 256

2024-07-11 11:04:33,088 Performance - ---------------------------------------------------
CPU Usage: 0.04%, Physical Memory Usage: 79,085,568.00, Total Thread Count: 15
AvailableWorkingThreads: 32766, AvailableCompletionPortThreads: 1000
MaxWorkingThreads: 32767, MaxCompletionPortThreads: 1000
LockStepDemo ----------------------------------
Started Time: 2024/7/11 10:32:32
Is Running: True
Total Connections: 1
Maximum Allowed Connection Number: 100
Total Handled Requests: 0
Request Handling Speed (#/second): 0
Avialable Sending Queue Items: 255
Total Sending Queue Items: 256

2024-07-11 11:05:33,086 Performance - ---------------------------------------------------
CPU Usage: 0.02%, Physical Memory Usage: 79,642,624.00, Total Thread Count: 15
AvailableWorkingThreads: 32764, AvailableCompletionPortThreads: 1000
MaxWorkingThreads: 32767, MaxCompletionPortThreads: 1000
LockStepDemo ----------------------------------
Started Time: 2024/7/11 10:32:32
Is Running: True
Total Connections: 1
Maximum Allowed Connection Number: 100
Total Handled Requests: 0
Request Handling Speed (#/second): 0
Avialable Sending Queue Items: 255
Total Sending Queue Items: 256

2024-07-11 11:06:33,098 Performance - ---------------------------------------------------
CPU Usage: 0.04%, Physical Memory Usage: 80,183,296.00, Total Thread Count: 15
AvailableWorkingThreads: 32766, AvailableCompletionPortThreads: 1000
MaxWorkingThreads: 32767, MaxCompletionPortThreads: 1000
LockStepDemo ----------------------------------
Started Time: 2024/7/11 10:32:32
Is Running: True
Total Connections: 1
Maximum Allowed Connection Number: 100
Total Handled Requests: 0
Request Handling Speed (#/second): 0
Avialable Sending Queue Items: 255
Total Sending Queue Items: 256

2024-07-11 11:07:33,100 Performance - ---------------------------------------------------
CPU Usage: 0.02%, Physical Memory Usage: 80,289,792.00, Total Thread Count: 16
AvailableWorkingThreads: 32766, AvailableCompletionPortThreads: 1000
MaxWorkingThreads: 32767, MaxCompletionPortThreads: 1000
LockStepDemo ----------------------------------
Started Time: 2024/7/11 10:32:32
Is Running: True
Total Connections: 1
Maximum Allowed Connection Number: 100
Total Handled Requests: 0
Request Handling Speed (#/second): 0
Avialable Sending Queue Items: 255
Total Sending Queue Items: 256

2024-07-11 11:08:33,094 Performance - ---------------------------------------------------
CPU Usage: 0.03%, Physical Memory Usage: 80,842,752.00, Total Thread Count: 16
AvailableWorkingThreads: 32766, AvailableCompletionPortThreads: 1000
MaxWorkingThreads: 32767, MaxCompletionPortThreads: 1000
LockStepDemo ----------------------------------
Started Time: 2024/7/11 10:32:32
Is Running: True
Total Connections: 1
Maximum Allowed Connection Number: 100
Total Handled Requests: 0
Request Handling Speed (#/second): 0
Avialable Sending Queue Items: 255
Total Sending Queue Items: 256

2024-07-11 11:09:33,120 Performance - ---------------------------------------------------
CPU Usage: 0.04%, Physical Memory Usage: 81,379,328.00, Total Thread Count: 15
AvailableWorkingThreads: 32766, AvailableCompletionPortThreads: 1000
MaxWorkingThreads: 32767, MaxCompletionPortThreads: 1000
LockStepDemo ----------------------------------
Started Time: 2024/7/11 10:32:32
Is Running: True
Total Connections: 1
Maximum Allowed Connection Number: 100
Total Handled Requests: 0
Request Handling Speed (#/second): 0
Avialable Sending Queue Items: 255
Total Sending Queue Items: 256

2024-07-11 11:10:33,226 Performance - ---------------------------------------------------
CPU Usage: 0.07%, Physical Memory Usage: 81,915,904.00, Total Thread Count: 15
AvailableWorkingThreads: 32766, AvailableCompletionPortThreads: 1000
MaxWorkingThreads: 32767, MaxCompletionPortThreads: 1000
LockStepDemo ----------------------------------
Started Time: 2024/7/11 10:32:32
Is Running: True
Total Connections: 1
Maximum Allowed Connection Number: 100
Total Handled Requests: 0
Request Handling Speed (#/second): 0
Avialable Sending Queue Items: 255
Total Sending Queue Items: 256

2024-07-11 11:11:33,135 Performance - ---------------------------------------------------
CPU Usage: 0.04%, Physical Memory Usage: 82,460,672.00, Total Thread Count: 15
AvailableWorkingThreads: 32766, AvailableCompletionPortThreads: 1000
MaxWorkingThreads: 32767, MaxCompletionPortThreads: 1000
LockStepDemo ----------------------------------
Started Time: 2024/7/11 10:32:32
Is Running: True
Total Connections: 1
Maximum Allowed Connection Number: 100
Total Handled Requests: 0
Request Handling Speed (#/second): 0
Avialable Sending Queue Items: 255
Total Sending Queue Items: 256

2024-07-11 11:12:33,135 Performance - ---------------------------------------------------
CPU Usage: 0.04%, Physical Memory Usage: 79,224,832.00, Total Thread Count: 15
AvailableWorkingThreads: 32764, AvailableCompletionPortThreads: 1000
MaxWorkingThreads: 32767, MaxCompletionPortThreads: 1000
LockStepDemo ----------------------------------
Started Time: 2024/7/11 10:32:32
Is Running: True
Total Connections: 1
Maximum Allowed Connection Number: 100
Total Handled Requests: 0
Request Handling Speed (#/second): 0
Avialable Sending Queue Items: 255
Total Sending Queue Items: 256

2024-07-11 11:13:33,143 Performance - ---------------------------------------------------
CPU Usage: 0.02%, Physical Memory Usage: 79,790,080.00, Total Thread Count: 15
AvailableWorkingThreads: 32766, AvailableCompletionPortThreads: 1000
MaxWorkingThreads: 32767, MaxCompletionPortThreads: 1000
LockStepDemo ----------------------------------
Started Time: 2024/7/11 10:32:32
Is Running: True
Total Connections: 0
Maximum Allowed Connection Number: 100
Total Handled Requests: 0
Request Handling Speed (#/second): 0
Avialable Sending Queue Items: 256
Total Sending Queue Items: 256

2024-07-11 11:14:33,143 Performance - ---------------------------------------------------
CPU Usage: 0.02%, Physical Memory Usage: 80,338,944.00, Total Thread Count: 15
AvailableWorkingThreads: 32766, AvailableCompletionPortThreads: 1000
MaxWorkingThreads: 32767, MaxCompletionPortThreads: 1000
LockStepDemo ----------------------------------
Started Time: 2024/7/11 10:32:32
Is Running: True
Total Connections: 0
Maximum Allowed Connection Number: 100
Total Handled Requests: 0
Request Handling Speed (#/second): 0
Avialable Sending Queue Items: 256
Total Sending Queue Items: 256

2024-07-11 11:15:33,150 Performance - ---------------------------------------------------
CPU Usage: 0.02%, Physical Memory Usage: 80,871,424.00, Total Thread Count: 15
AvailableWorkingThreads: 32766, AvailableCompletionPortThreads: 1000
MaxWorkingThreads: 32767, MaxCompletionPortThreads: 1000
LockStepDemo ----------------------------------
Started Time: 2024/7/11 10:32:32
Is Running: True
Total Connections: 0
Maximum Allowed Connection Number: 100
Total Handled Requests: 0
Request Handling Speed (#/second): 0
Avialable Sending Queue Items: 256
Total Sending Queue Items: 256

2024-07-11 11:16:33,158 Performance - ---------------------------------------------------
CPU Usage: 0.03%, Physical Memory Usage: 81,428,480.00, Total Thread Count: 15
AvailableWorkingThreads: 32766, AvailableCompletionPortThreads: 1000
MaxWorkingThreads: 32767, MaxCompletionPortThreads: 1000
LockStepDemo ----------------------------------
Started Time: 2024/7/11 10:32:32
Is Running: True
Total Connections: 0
Maximum Allowed Connection Number: 100
Total Handled Requests: 0
Request Handling Speed (#/second): 0
Avialable Sending Queue Items: 256
Total Sending Queue Items: 256

2024-07-11 11:17:33,211 Performance - ---------------------------------------------------
CPU Usage: 0.04%, Physical Memory Usage: 76,820,480.00, Total Thread Count: 15
AvailableWorkingThreads: 32766, AvailableCompletionPortThreads: 1000
MaxWorkingThreads: 32767, MaxCompletionPortThreads: 1000
LockStepDemo ----------------------------------
Started Time: 2024/7/11 10:32:32
Is Running: True
Total Connections: 0
Maximum Allowed Connection Number: 100
Total Handled Requests: 0
Request Handling Speed (#/second): 0
Avialable Sending Queue Items: 256
Total Sending Queue Items: 256

2024-07-11 11:18:33,179 Performance - ---------------------------------------------------
CPU Usage: 0.02%, Physical Memory Usage: 77,369,344.00, Total Thread Count: 15
AvailableWorkingThreads: 32766, AvailableCompletionPortThreads: 1000
MaxWorkingThreads: 32767, MaxCompletionPortThreads: 1000
LockStepDemo ----------------------------------
Started Time: 2024/7/11 10:32:32
Is Running: True
Total Connections: 0
Maximum Allowed Connection Number: 100
Total Handled Requests: 0
Request Handling Speed (#/second): 0
Avialable Sending Queue Items: 256
Total Sending Queue Items: 256

2024-07-11 11:19:33,179 Performance - ---------------------------------------------------
CPU Usage: 0.02%, Physical Memory Usage: 77,926,400.00, Total Thread Count: 15
AvailableWorkingThreads: 32766, AvailableCompletionPortThreads: 1000
MaxWorkingThreads: 32767, MaxCompletionPortThreads: 1000
LockStepDemo ----------------------------------
Started Time: 2024/7/11 10:32:32
Is Running: True
Total Connections: 0
Maximum Allowed Connection Number: 100
Total Handled Requests: 0
Request Handling Speed (#/second): 0
Avialable Sending Queue Items: 256
Total Sending Queue Items: 256

2024-07-11 11:20:33,209 Performance - ---------------------------------------------------
CPU Usage: 0.02%, Physical Memory Usage: 61,894,656.00, Total Thread Count: 15
AvailableWorkingThreads: 32766, AvailableCompletionPortThreads: 1000
MaxWorkingThreads: 32767, MaxCompletionPortThreads: 1000
LockStepDemo ----------------------------------
Started Time: 2024/7/11 10:32:32
Is Running: True
Total Connections: 0
Maximum Allowed Connection Number: 100
Total Handled Requests: 0
Request Handling Speed (#/second): 0
Avialable Sending Queue Items: 256
Total Sending Queue Items: 256

2024-07-11 11:21:33,208 Performance - ---------------------------------------------------
CPU Usage: 0.01%, Physical Memory Usage: 62,439,424.00, Total Thread Count: 15
AvailableWorkingThreads: 32765, AvailableCompletionPortThreads: 1000
MaxWorkingThreads: 32767, MaxCompletionPortThreads: 1000
LockStepDemo ----------------------------------
Started Time: 2024/7/11 10:32:32
Is Running: True
Total Connections: 0
Maximum Allowed Connection Number: 100
Total Handled Requests: 0
Request Handling Speed (#/second): 0
Avialable Sending Queue Items: 256
Total Sending Queue Items: 256

2024-07-11 11:22:33,203 Performance - ---------------------------------------------------
CPU Usage: 0.02%, Physical Memory Usage: 59,412,480.00, Total Thread Count: 15
AvailableWorkingThreads: 32765, AvailableCompletionPortThreads: 1000
MaxWorkingThreads: 32767, MaxCompletionPortThreads: 1000
LockStepDemo ----------------------------------
Started Time: 2024/7/11 10:32:32
Is Running: True
Total Connections: 0
Maximum Allowed Connection Number: 100
Total Handled Requests: 0
Request Handling Speed (#/second): 0
Avialable Sending Queue Items: 256
Total Sending Queue Items: 256

2024-07-11 11:23:33,201 Performance - ---------------------------------------------------
CPU Usage: 0.02%, Physical Memory Usage: 59,944,960.00, Total Thread Count: 15
AvailableWorkingThreads: 32766, AvailableCompletionPortThreads: 1000
MaxWorkingThreads: 32767, MaxCompletionPortThreads: 1000
LockStepDemo ----------------------------------
Started Time: 2024/7/11 10:32:32
Is Running: True
Total Connections: 0
Maximum Allowed Connection Number: 100
Total Handled Requests: 0
Request Handling Speed (#/second): 0
Avialable Sending Queue Items: 256
Total Sending Queue Items: 256

2024-07-11 11:24:33,211 Performance - ---------------------------------------------------
CPU Usage: 0.02%, Physical Memory Usage: 60,489,728.00, Total Thread Count: 15
AvailableWorkingThreads: 32766, AvailableCompletionPortThreads: 1000
MaxWorkingThreads: 32767, MaxCompletionPortThreads: 1000
LockStepDemo ----------------------------------
Started Time: 2024/7/11 10:32:32
Is Running: True
Total Connections: 0
Maximum Allowed Connection Number: 100
Total Handled Requests: 0
Request Handling Speed (#/second): 0
Avialable Sending Queue Items: 256
Total Sending Queue Items: 256

2024-07-11 11:25:33,217 Performance - ---------------------------------------------------
CPU Usage: 0.02%, Physical Memory Usage: 60,657,664.00, Total Thread Count: 15
AvailableWorkingThreads: 32766, AvailableCompletionPortThreads: 1000
MaxWorkingThreads: 32767, MaxCompletionPortThreads: 1000
LockStepDemo ----------------------------------
Started Time: 2024/7/11 10:32:32
Is Running: True
Total Connections: 0
Maximum Allowed Connection Number: 100
Total Handled Requests: 0
Request Handling Speed (#/second): 0
Avialable Sending Queue Items: 256
Total Sending Queue Items: 256

2024-07-11 11:26:33,230 Performance - ---------------------------------------------------
CPU Usage: 0.02%, Physical Memory Usage: 61,341,696.00, Total Thread Count: 15
AvailableWorkingThreads: 32766, AvailableCompletionPortThreads: 1000
MaxWorkingThreads: 32767, MaxCompletionPortThreads: 1000
LockStepDemo ----------------------------------
Started Time: 2024/7/11 10:32:32
Is Running: True
Total Connections: 0
Maximum Allowed Connection Number: 100
Total Handled Requests: 0
Request Handling Speed (#/second): 0
Avialable Sending Queue Items: 256
Total Sending Queue Items: 256

2024-07-11 11:27:33,232 Performance - ---------------------------------------------------
CPU Usage: 0.01%, Physical Memory Usage: 60,411,904.00, Total Thread Count: 15
AvailableWorkingThreads: 32766, AvailableCompletionPortThreads: 1000
MaxWorkingThreads: 32767, MaxCompletionPortThreads: 1000
LockStepDemo ----------------------------------
Started Time: 2024/7/11 10:32:32
Is Running: True
Total Connections: 0
Maximum Allowed Connection Number: 100
Total Handled Requests: 0
Request Handling Speed (#/second): 0
Avialable Sending Queue Items: 256
Total Sending Queue Items: 256

2024-07-11 11:28:33,230 Performance - ---------------------------------------------------
CPU Usage: 0.01%, Physical Memory Usage: 60,956,672.00, Total Thread Count: 15
AvailableWorkingThreads: 32766, AvailableCompletionPortThreads: 1000
MaxWorkingThreads: 32767, MaxCompletionPortThreads: 1000
LockStepDemo ----------------------------------
Started Time: 2024/7/11 10:32:32
Is Running: True
Total Connections: 0
Maximum Allowed Connection Number: 100
Total Handled Requests: 0
Request Handling Speed (#/second): 0
Avialable Sending Queue Items: 256
Total Sending Queue Items: 256

2024-07-11 11:29:33,238 Performance - ---------------------------------------------------
CPU Usage: 0.02%, Physical Memory Usage: 61,517,824.00, Total Thread Count: 15
AvailableWorkingThreads: 32765, AvailableCompletionPortThreads: 1000
MaxWorkingThreads: 32767, MaxCompletionPortThreads: 1000
LockStepDemo ----------------------------------
Started Time: 2024/7/11 10:32:32
Is Running: True
Total Connections: 0
Maximum Allowed Connection Number: 100
Total Handled Requests: 0
Request Handling Speed (#/second): 0
Avialable Sending Queue Items: 256
Total Sending Queue Items: 256

2024-07-11 11:30:33,255 Performance - ---------------------------------------------------
CPU Usage: 0.02%, Physical Memory Usage: 62,066,688.00, Total Thread Count: 15
AvailableWorkingThreads: 32766, AvailableCompletionPortThreads: 1000
MaxWorkingThreads: 32767, MaxCompletionPortThreads: 1000
LockStepDemo ----------------------------------
Started Time: 2024/7/11 10:32:32
Is Running: True
Total Connections: 0
Maximum Allowed Connection Number: 100
Total Handled Requests: 0
Request Handling Speed (#/second): 0
Avialable Sending Queue Items: 256
Total Sending Queue Items: 256

2024-07-11 11:31:33,285 Performance - ---------------------------------------------------
CPU Usage: 0.01%, Physical Memory Usage: 62,599,168.00, Total Thread Count: 15
AvailableWorkingThreads: 32766, AvailableCompletionPortThreads: 1000
MaxWorkingThreads: 32767, MaxCompletionPortThreads: 1000
LockStepDemo ----------------------------------
Started Time: 2024/7/11 10:32:32
Is Running: True
Total Connections: 0
Maximum Allowed Connection Number: 100
Total Handled Requests: 0
Request Handling Speed (#/second): 0
Avialable Sending Queue Items: 256
Total Sending Queue Items: 256

2024-07-11 11:32:33,289 Performance - ---------------------------------------------------
CPU Usage: 0.02%, Physical Memory Usage: 53,407,744.00, Total Thread Count: 15
AvailableWorkingThreads: 32766, AvailableCompletionPortThreads: 1000
MaxWorkingThreads: 32767, MaxCompletionPortThreads: 1000
LockStepDemo ----------------------------------
Started Time: 2024/7/11 10:32:32
Is Running: True
Total Connections: 0
Maximum Allowed Connection Number: 100
Total Handled Requests: 0
Request Handling Speed (#/second): 0
Avialable Sending Queue Items: 256
Total Sending Queue Items: 256

2024-07-11 11:33:33,365 Performance - ---------------------------------------------------
CPU Usage: 0.03%, Physical Memory Usage: 55,603,200.00, Total Thread Count: 15
AvailableWorkingThreads: 32764, AvailableCompletionPortThreads: 1000
MaxWorkingThreads: 32767, MaxCompletionPortThreads: 1000
LockStepDemo ----------------------------------
Started Time: 2024/7/11 10:32:32
Is Running: True
Total Connections: 0
Maximum Allowed Connection Number: 100
Total Handled Requests: 0
Request Handling Speed (#/second): 0
Avialable Sending Queue Items: 256
Total Sending Queue Items: 256

2024-07-11 11:34:33,284 Performance - ---------------------------------------------------
CPU Usage: 0.02%, Physical Memory Usage: 56,979,456.00, Total Thread Count: 15
AvailableWorkingThreads: 32766, AvailableCompletionPortThreads: 1000
MaxWorkingThreads: 32767, MaxCompletionPortThreads: 1000
LockStepDemo ----------------------------------
Started Time: 2024/7/11 10:32:32
Is Running: True
Total Connections: 0
Maximum Allowed Connection Number: 100
Total Handled Requests: 0
Request Handling Speed (#/second): 0
Avialable Sending Queue Items: 256
Total Sending Queue Items: 256

2024-07-11 11:35:33,303 Performance - ---------------------------------------------------
CPU Usage: 0.02%, Physical Memory Usage: 59,174,912.00, Total Thread Count: 15
AvailableWorkingThreads: 32766, AvailableCompletionPortThreads: 1000
MaxWorkingThreads: 32767, MaxCompletionPortThreads: 1000
LockStepDemo ----------------------------------
Started Time: 2024/7/11 10:32:32
Is Running: True
Total Connections: 0
Maximum Allowed Connection Number: 100
Total Handled Requests: 0
Request Handling Speed (#/second): 0
Avialable Sending Queue Items: 256
Total Sending Queue Items: 256

2024-07-11 11:36:33,315 Performance - ---------------------------------------------------
CPU Usage: 0.02%, Physical Memory Usage: 61,370,368.00, Total Thread Count: 15
AvailableWorkingThreads: 32766, AvailableCompletionPortThreads: 1000
MaxWorkingThreads: 32767, MaxCompletionPortThreads: 1000
LockStepDemo ----------------------------------
Started Time: 2024/7/11 10:32:32
Is Running: True
Total Connections: 0
Maximum Allowed Connection Number: 100
Total Handled Requests: 0
Request Handling Speed (#/second): 0
Avialable Sending Queue Items: 256
Total Sending Queue Items: 256

2024-07-11 11:37:33,317 Performance - ---------------------------------------------------
CPU Usage: 0.02%, Physical Memory Usage: 63,561,728.00, Total Thread Count: 15
AvailableWorkingThreads: 32764, AvailableCompletionPortThreads: 1000
MaxWorkingThreads: 32767, MaxCompletionPortThreads: 1000
LockStepDemo ----------------------------------
Started Time: 2024/7/11 10:32:32
Is Running: True
Total Connections: 0
Maximum Allowed Connection Number: 100
Total Handled Requests: 0
Request Handling Speed (#/second): 0
Avialable Sending Queue Items: 256
Total Sending Queue Items: 256

2024-07-11 11:38:33,320 Performance - ---------------------------------------------------
CPU Usage: 0.03%, Physical Memory Usage: 65,757,184.00, Total Thread Count: 15
AvailableWorkingThreads: 32766, AvailableCompletionPortThreads: 1000
MaxWorkingThreads: 32767, MaxCompletionPortThreads: 1000
LockStepDemo ----------------------------------
Started Time: 2024/7/11 10:32:32
Is Running: True
Total Connections: 0
Maximum Allowed Connection Number: 100
Total Handled Requests: 0
Request Handling Speed (#/second): 0
Avialable Sending Queue Items: 256
Total Sending Queue Items: 256

2024-07-11 11:39:33,342 Performance - ---------------------------------------------------
CPU Usage: 0.03%, Physical Memory Usage: 67,944,448.00, Total Thread Count: 15
AvailableWorkingThreads: 32766, AvailableCompletionPortThreads: 1000
MaxWorkingThreads: 32767, MaxCompletionPortThreads: 1000
LockStepDemo ----------------------------------
Started Time: 2024/7/11 10:32:32
Is Running: True
Total Connections: 0
Maximum Allowed Connection Number: 100
Total Handled Requests: 0
Request Handling Speed (#/second): 0
Avialable Sending Queue Items: 256
Total Sending Queue Items: 256

2024-07-11 11:40:33,407 Performance - ---------------------------------------------------
CPU Usage: 0.03%, Physical Memory Usage: 70,131,712.00, Total Thread Count: 15
AvailableWorkingThreads: 32766, AvailableCompletionPortThreads: 1000
MaxWorkingThreads: 32767, MaxCompletionPortThreads: 1000
LockStepDemo ----------------------------------
Started Time: 2024/7/11 10:32:32
Is Running: True
Total Connections: 0
Maximum Allowed Connection Number: 100
Total Handled Requests: 0
Request Handling Speed (#/second): 0
Avialable Sending Queue Items: 256
Total Sending Queue Items: 256

2024-07-11 11:41:33,395 Performance - ---------------------------------------------------
CPU Usage: 0.03%, Physical Memory Usage: 72,331,264.00, Total Thread Count: 15
AvailableWorkingThreads: 32766, AvailableCompletionPortThreads: 1000
MaxWorkingThreads: 32767, MaxCompletionPortThreads: 1000
LockStepDemo ----------------------------------
Started Time: 2024/7/11 10:32:32
Is Running: True
Total Connections: 0
Maximum Allowed Connection Number: 100
Total Handled Requests: 0
Request Handling Speed (#/second): 0
Avialable Sending Queue Items: 256
Total Sending Queue Items: 256

